<?xml version="1.0" encoding="UTF-8"?>
<!-- Generated by org.testng.reporters.JUnitReportReporter -->
<testsuite skipped="0" hostname="LAPTOP-MU36A4M1" name="tests.productcartpagetest" tests="3" failures="0" timestamp="24 Jun 2021 19:18:40 GMT" time="73.468" errors="0">
  <testcase name="usersignin" time="30.143" classname="tests.productcartpagetest"/>
  <testcase name="usersearchtest" time="32.067" classname="tests.productcartpagetest"/>
  <testcase name="userproductpage" time="11.258" classname="tests.productcartpagetest"/>
</testsuite> <!-- tests.productcartpagetest -->
