<?xml version="1.0" encoding="UTF-8"?>
<!-- Generated by org.testng.reporters.JUnitReportReporter -->
<testsuite skipped="0" hostname="LAPTOP-MU36A4M1" name="tests.Addtocarttest" tests="4" failures="0" timestamp="24 Jun 2021 19:22:34 GMT" time="88.462" errors="0">
  <testcase name="usersignin" time="29.059" classname="tests.Addtocarttest"/>
  <testcase name="usersearchtest" time="30.968" classname="tests.Addtocarttest"/>
  <testcase name="userproductpage" time="11.333" classname="tests.Addtocarttest"/>
  <testcase name="userpressoncheckout" time="17.102" classname="tests.Addtocarttest"/>
</testsuite> <!-- tests.Addtocarttest -->
