<?xml version="1.0" encoding="UTF-8"?>
<!-- Generated by org.testng.reporters.JUnitReportReporter -->
<testsuite skipped="0" hostname="LAPTOP-MU36A4M1" name="tests.Searchtest" tests="2" failures="0" timestamp="24 Jun 2021 17:47:26 GMT" time="55.909" errors="0">
  <testcase name="usersignin" time="29.686" classname="tests.Searchtest"/>
  <testcase name="usersearchtest" time="26.223" classname="tests.Searchtest"/>
</testsuite> <!-- tests.Searchtest -->
