<?xml version="1.0" encoding="UTF-8"?>
<!-- Generated by org.testng.reporters.JUnitReportReporter -->
<testsuite skipped="0" hostname="LAPTOP-MU36A4M1" name="tests.Registertest" tests="1" failures="0" timestamp="24 Jun 2021 20:49:59 GMT" time="52.741" errors="0">
  <testcase name="userregistertest" time="52.741" classname="tests.Registertest"/>
</testsuite> <!-- tests.Registertest -->
