<?xml version="1.0" encoding="UTF-8"?>
<!-- Generated by org.testng.reporters.JUnitReportReporter -->
<testsuite skipped="0" hostname="LAPTOP-MU36A4M1" name="tests.Signintest" tests="1" failures="0" timestamp="24 Jun 2021 17:36:00 GMT" time="27.874" errors="0">
  <testcase name="usersignintest" time="27.874" classname="tests.Signintest"/>
</testsuite> <!-- tests.Signintest -->
